[2018-01-19 23:00:04] alias_create_execute
alias_create_execute () 
{ 
    for _path in "$rvm_rubies_path" "$rvm_environments_path" "$rvm_wrappers_path";
    do
        if [[ -L "$_path/$alias_name" ]]; then
            \command \rm -fv "$_path/$alias_name" || return $?;
        fi;
        \command \ln -fs "$_path/$rvm_ruby_string" "$_path/$alias_name" || return $?;
    done;
    __rvm_db_ "$rvm_path/config/alias" "$alias_name" "$rvm_ruby_string"
}
current path: /home/ubuntu/.rvm/src/rvm
GEM_HOME=/home/ubuntu/.rvm/gems/ruby-2.4.1
PATH=/home/ubuntu/.rvm/gems/ruby-2.4.1/bin:/home/ubuntu/.rvm/gems/ruby-2.4.1@global/bin:/home/ubuntu/.rvm/rubies/ruby-2.4.1/bin:/home/ubuntu/.rvm/bin:/usr/local/sbin:/usr/local/bin:/usr/sbin:/usr/bin:/sbin:/bin:/usr/games:/usr/local/games
GEM_PATH=/home/ubuntu/.rvm/gems/ruby-2.4.1:/home/ubuntu/.rvm/gems/ruby-2.4.1@global
command(1): alias_create_execute
+ /scripts/alias : alias_create_execute()  27 > for _path in '"$rvm_rubies_path"' '"$rvm_environments_path"' '"$rvm_wrappers_path"'
+ /scripts/alias : alias_create_execute()  29 > [[ -L /home/ubuntu/.rvm/rubies/default ]]
+ /scripts/alias : alias_create_execute()  32 > command ln -fs /home/ubuntu/.rvm/rubies/ruby-2.4.1 /home/ubuntu/.rvm/rubies/default
+ /scripts/alias : alias_create_execute()  32 > ln -fs /home/ubuntu/.rvm/rubies/ruby-2.4.1 /home/ubuntu/.rvm/rubies/default
+ /scripts/alias : alias_create_execute()  27 > for _path in '"$rvm_rubies_path"' '"$rvm_environments_path"' '"$rvm_wrappers_path"'
+ /scripts/alias : alias_create_execute()  29 > [[ -L /home/ubuntu/.rvm/environments/default ]]
+ /scripts/alias : alias_create_execute()  32 > command ln -fs /home/ubuntu/.rvm/environments/ruby-2.4.1 /home/ubuntu/.rvm/environments/default
+ /scripts/alias : alias_create_execute()  32 > ln -fs /home/ubuntu/.rvm/environments/ruby-2.4.1 /home/ubuntu/.rvm/environments/default
+ /scripts/alias : alias_create_execute()  27 > for _path in '"$rvm_rubies_path"' '"$rvm_environments_path"' '"$rvm_wrappers_path"'
+ /scripts/alias : alias_create_execute()  29 > [[ -L /home/ubuntu/.rvm/wrappers/default ]]
+ /scripts/alias : alias_create_execute()  32 > command ln -fs /home/ubuntu/.rvm/wrappers/ruby-2.4.1 /home/ubuntu/.rvm/wrappers/default
+ /scripts/alias : alias_create_execute()  32 > ln -fs /home/ubuntu/.rvm/wrappers/ruby-2.4.1 /home/ubuntu/.rvm/wrappers/default
+ /scripts/alias : alias_create_execute()  35 > __rvm_db_ /home/ubuntu/.rvm/config/alias default ruby-2.4.1
+ /scripts/functions/db : __rvm_db_()  77 > typeset __db __key __value
+ /scripts/functions/db : __rvm_db_()  78 > __db=/home/ubuntu/.rvm/config/alias
+ /scripts/functions/db : __rvm_db_()  79 > __key=default
+ /scripts/functions/db : __rvm_db_()  80 > shift 2
+ /scripts/functions/db : __rvm_db_()  81 > __value=ruby-2.4.1
+ /scripts/functions/db : __rvm_db_()  82 > case "${__value}" in
+ /scripts/functions/db : __rvm_db_()  90 > __rvm_db_add /home/ubuntu/.rvm/config/alias default ruby-2.4.1
+ /scripts/functions/db : __rvm_db_add()  58 > typeset __dir=/home/ubuntu/.rvm/config
+ /scripts/functions/db : __rvm_db_add()  59 > [[ -f /home/ubuntu/.rvm/config/alias ]]
+ /scripts/functions/db : __rvm_db_add()  60 > __rvm_db_remove /home/ubuntu/.rvm/config/alias default
+ /scripts/functions/db : __rvm_db_remove()  49 > [[ -f /home/ubuntu/.rvm/config/alias ]]
+ /scripts/functions/db : __rvm_db_remove()  51 > __rvm_sed -e '\#^default=# d' -e '/^$/d' /home/ubuntu/.rvm/config/alias
+ /scripts/functions/support : __rvm_sed()  277 > sed -e '\#^default=# d' -e '/^$/d' /home/ubuntu/.rvm/config/alias
+ /scripts/functions/db : __rvm_db_remove()  52 > command mv -f /home/ubuntu/.rvm/config/alias.new /home/ubuntu/.rvm/config/alias
+ /scripts/functions/db : __rvm_db_remove()  52 > mv -f /home/ubuntu/.rvm/config/alias.new /home/ubuntu/.rvm/config/alias
+ /scripts/functions/db : __rvm_db_add()  64 > printf '%b=%b\n' default ruby-2.4.1
