[2018-01-19 22:59:37] requirements_debian_update_system
requirements_debian_update_system () 
{ 
    __rvm_try_sudo apt-get --quiet --yes update || { 
        \typeset __ret=$?;
        case ${__ret} in 
            100)
                rvm_error "There has been an error while updating your system using \`apt-get\`.
It seems that there are some 404 Not Found errors for repositories listed in:

    /etc/apt/sources.list
    /etc/apt/sources.list.d/*.list

Make sure that all repositories are available from your system and verify your setup by running manually:

    sudo apt-get update

Make sure that it works correctly before proceeding with RVM.

If you are working from the GUI instead of the terminal, you might want to verify and fix broken
repositories using \"Software & Updates\" application.
"
            ;;
        esac;
        return ${__ret}
    }
}
current path: /home/ubuntu/.rvm/src/rvm
PATH=/usr/local/sbin:/usr/local/bin:/usr/sbin:/usr/bin:/sbin:/bin:/usr/games:/usr/local/games:/home/ubuntu/.rvm/bin
command(2): requirements_debian_update_system ruby-2.4.1
++ /scripts/functions/requirements/debian : requirements_debian_update_system()  46 > __rvm_try_sudo apt-get --quiet --yes update
++ /scripts/functions/utility : __rvm_try_sudo()  362 > typeset -a command_to_run
++ /scripts/functions/utility : __rvm_try_sudo()  363 > typeset sudo_path sbin_path missing_paths
++ /scripts/functions/utility : __rvm_try_sudo()  364 > command_to_run=("$@")
++ /scripts/functions/utility : __rvm_try_sudo()  365 > ((  UID == 0  ))
++ /scripts/functions/utility : __rvm_try_sudo()  366 > case "$rvm_autolibs_flag_number" in
++ /scripts/functions/utility : __rvm_try_sudo()  381 > is_a_function __rvm_sudo
++ /scripts/functions/support : is_a_function()  5 > typeset -f __rvm_sudo
++ /scripts/functions/utility : __rvm_try_sudo()  383 > missing_paths=
++ /scripts/functions/utility : __rvm_try_sudo()  384 > for sbin_path in /sbin /usr/sbin /usr/local/sbin
++ /scripts/functions/utility : __rvm_try_sudo()  386 > [[ -d /sbin ]]
++ /scripts/functions/utility : __rvm_try_sudo()  386 > [[ :/usr/local/sbin:/usr/local/bin:/usr/sbin:/usr/bin:/sbin:/bin:/usr/games:/usr/local/games:/home/ubuntu/.rvm/bin: != *\:\/\s\b\i\n\:* ]]
++ /scripts/functions/utility : __rvm_try_sudo()  384 > for sbin_path in /sbin /usr/sbin /usr/local/sbin
++ /scripts/functions/utility : __rvm_try_sudo()  386 > [[ -d /usr/sbin ]]
++ /scripts/functions/utility : __rvm_try_sudo()  386 > [[ :/usr/local/sbin:/usr/local/bin:/usr/sbin:/usr/bin:/sbin:/bin:/usr/games:/usr/local/games:/home/ubuntu/.rvm/bin: != *\:\/\u\s\r\/\s\b\i\n\:* ]]
++ /scripts/functions/utility : __rvm_try_sudo()  384 > for sbin_path in /sbin /usr/sbin /usr/local/sbin
++ /scripts/functions/utility : __rvm_try_sudo()  386 > [[ -d /usr/local/sbin ]]
++ /scripts/functions/utility : __rvm_try_sudo()  386 > [[ :/usr/local/sbin:/usr/local/bin:/usr/sbin:/usr/bin:/sbin:/bin:/usr/games:/usr/local/games:/home/ubuntu/.rvm/bin: != *\:\/\u\s\r\/\l\o\c\a\l\/\s\b\i\n\:* ]]
++ /scripts/functions/utility : __rvm_try_sudo()  390 > [[ -n '' ]]
++ /scripts/functions/utility : __rvm_try_sudo()  393 > command_to_run=(__rvm_sudo -p "%p password required for '$*': " "${command_to_run[@]}")
++ /scripts/functions/utility : __rvm_try_sudo()  400 > __rvm_sudo -p '%p password required for '\''apt-get --quiet --yes update'\'': ' apt-get --quiet --yes update
++ /scripts/functions/support : __rvm_sudo()  357 > command sudo -p '%p password required for '\''apt-get --quiet --yes update'\'': ' apt-get --quiet --yes update
++ /scripts/functions/support : __rvm_sudo()  357 > sudo -p '%p password required for '\''apt-get --quiet --yes update'\'': ' apt-get --quiet --yes update
Ign http://us-east-1.ec2.archive.ubuntu.com trusty InRelease
Get:1 http://us-east-1.ec2.archive.ubuntu.com trusty-updates InRelease [65.9 kB]
Hit http://us-east-1.ec2.archive.ubuntu.com trusty-backports InRelease
Get:2 http://security.ubuntu.com trusty-security InRelease [65.9 kB]
Hit http://us-east-1.ec2.archive.ubuntu.com trusty Release.gpg
Hit http://us-east-1.ec2.archive.ubuntu.com trusty Release
Get:3 http://us-east-1.ec2.archive.ubuntu.com trusty-updates/main Sources [410 kB]
Get:4 http://us-east-1.ec2.archive.ubuntu.com trusty-updates/restricted Sources [6,322 B]
Get:5 http://us-east-1.ec2.archive.ubuntu.com trusty-updates/universe Sources [196 kB]
Get:6 http://us-east-1.ec2.archive.ubuntu.com trusty-updates/multiverse Sources [7,368 B]
Get:7 http://us-east-1.ec2.archive.ubuntu.com trusty-updates/main amd64 Packages [1,050 kB]
Get:8 http://security.ubuntu.com trusty-security/main Sources [148 kB]
Get:9 http://security.ubuntu.com trusty-security/universe Sources [67.2 kB]
Get:10 http://us-east-1.ec2.archive.ubuntu.com trusty-updates/restricted amd64 Packages [17.2 kB]
Get:11 http://security.ubuntu.com trusty-security/main amd64 Packages [704 kB]
Get:12 http://us-east-1.ec2.archive.ubuntu.com trusty-updates/universe amd64 Packages [439 kB]
Get:13 http://us-east-1.ec2.archive.ubuntu.com trusty-updates/multiverse amd64 Packages [14.6 kB]
Get:14 http://us-east-1.ec2.archive.ubuntu.com trusty-updates/main Translation-en [518 kB]
Get:15 http://security.ubuntu.com trusty-security/universe amd64 Packages [201 kB]
Get:16 http://us-east-1.ec2.archive.ubuntu.com trusty-updates/multiverse Translation-en [7,616 B]
Get:17 http://us-east-1.ec2.archive.ubuntu.com trusty-updates/restricted Translation-en [4,024 B]
Get:18 http://us-east-1.ec2.archive.ubuntu.com trusty-updates/universe Translation-en [237 kB]
Get:19 http://us-east-1.ec2.archive.ubuntu.com trusty-backports/main Sources [9,709 B]
Get:20 http://us-east-1.ec2.archive.ubuntu.com trusty-backports/restricted Sources [28 B]
Get:21 http://us-east-1.ec2.archive.ubuntu.com trusty-backports/universe Sources [35.4 kB]
Get:22 http://us-east-1.ec2.archive.ubuntu.com trusty-backports/multiverse Sources [1,896 B]
Hit http://us-east-1.ec2.archive.ubuntu.com trusty-backports/main amd64 Packages
Hit http://us-east-1.ec2.archive.ubuntu.com trusty-backports/restricted amd64 Packages
Hit http://us-east-1.ec2.archive.ubuntu.com trusty-backports/universe amd64 Packages
Hit http://us-east-1.ec2.archive.ubuntu.com trusty-backports/multiverse amd64 Packages
Hit http://us-east-1.ec2.archive.ubuntu.com trusty-backports/main Translation-en
Hit http://us-east-1.ec2.archive.ubuntu.com trusty-backports/multiverse Translation-en
Hit http://us-east-1.ec2.archive.ubuntu.com trusty-backports/restricted Translation-en
Get:23 http://security.ubuntu.com trusty-security/main Translation-en [379 kB]
Hit http://us-east-1.ec2.archive.ubuntu.com trusty-backports/universe Translation-en
Get:24 http://us-east-1.ec2.archive.ubuntu.com trusty/main Sources [1,064 kB]
Get:25 http://security.ubuntu.com trusty-security/universe Translation-en [113 kB]
Get:26 http://us-east-1.ec2.archive.ubuntu.com trusty/restricted Sources [5,433 B]
Get:27 http://us-east-1.ec2.archive.ubuntu.com trusty/universe Sources [6,399 kB]
Get:28 http://us-east-1.ec2.archive.ubuntu.com trusty/multiverse Sources [174 kB]
Hit http://us-east-1.ec2.archive.ubuntu.com trusty/main amd64 Packages
Hit http://us-east-1.ec2.archive.ubuntu.com trusty/restricted amd64 Packages
Hit http://us-east-1.ec2.archive.ubuntu.com trusty/universe amd64 Packages
Hit http://us-east-1.ec2.archive.ubuntu.com trusty/multiverse amd64 Packages
Hit http://us-east-1.ec2.archive.ubuntu.com trusty/main Translation-en
Hit http://us-east-1.ec2.archive.ubuntu.com trusty/multiverse Translation-en
Hit http://us-east-1.ec2.archive.ubuntu.com trusty/restricted Translation-en
Hit http://us-east-1.ec2.archive.ubuntu.com trusty/universe Translation-en
Ign http://us-east-1.ec2.archive.ubuntu.com trusty/main Translation-en_US
Ign http://us-east-1.ec2.archive.ubuntu.com trusty/multiverse Translation-en_US
Ign http://us-east-1.ec2.archive.ubuntu.com trusty/restricted Translation-en_US
Ign http://us-east-1.ec2.archive.ubuntu.com trusty/universe Translation-en_US
Fetched 12.3 MB in 4s (2,643 kB/s)
Reading package lists...
